[0811/230024.806:ERROR:backend_impl.cc(1041)] Critical error found -8
[0811/230024.807:ERROR:entry_impl.cc(1075)] No file for c1031164
[0811/230024.807:WARNING:storage_block-inl.h(146)] Failed data load.
[0811/230024.807:WARNING:storage_block-inl.h(146)] Failed data load.
[0811/230024.807:WARNING:storage_block-inl.h(146)] Failed data load.
[0811/230024.807:WARNING:storage_block-inl.h(146)] Failed data load.
[0811/230024.807:ERROR:entry_impl.cc(1075)] No file for c103116e
[0811/230024.807:WARNING:storage_block-inl.h(146)] Failed data load.
[0811/230024.807:WARNING:storage_block-inl.h(146)] Failed data load.
[0811/230024.807:WARNING:storage_block-inl.h(146)] Failed data load.
[0811/230024.807:WARNING:storage_block-inl.h(146)] Failed data load.
[0811/230024.807:ERROR:entry_impl.cc(1075)] No file for c1031168
[0811/230024.807:WARNING:storage_block-inl.h(146)] Failed data load.
[0811/230024.807:WARNING:storage_block-inl.h(146)] Failed data load.
[0811/230024.808:WARNING:storage_block-inl.h(146)] Failed data load.
[0811/230024.808:WARNING:storage_block-inl.h(146)] Failed data load.
[0811/230024.808:ERROR:entry_impl.cc(1075)] No file for c1031166
[0811/230024.808:WARNING:storage_block-inl.h(146)] Failed data load.
[0811/230024.808:WARNING:storage_block-inl.h(146)] Failed data load.
[0811/230024.808:WARNING:storage_block-inl.h(146)] Failed data load.
[0811/230024.808:WARNING:storage_block-inl.h(146)] Failed data load.
[0811/230024.808:ERROR:entry_impl.cc(1075)] No file for c103116a
[0811/230024.809:WARNING:storage_block-inl.h(146)] Failed data load.
[0811/230024.809:WARNING:storage_block-inl.h(146)] Failed data load.
[0811/230024.810:WARNING:storage_block-inl.h(146)] Failed data load.
[0811/230024.810:WARNING:storage_block-inl.h(146)] Failed data load.
[0811/230024.810:WARNING:storage_block-inl.h(146)] Failed data load.
[0811/230027.096:WARNING:value_store_frontend.cc(45)] Reading mhjfbmdgcfjbbpaeojofohoefgiehjai.alarms from  failed: IO error: .../MANIFEST-000001: Unable to create sequential file (ChromeMethodBFE: 7::NewSequentialFile::1)
[0811/230224.477:ERROR:gpu_init.cc(426)] Passthrough is not supported, GL is disabled
